Starting Build
Settings evaluated using settings file '/home/ericm/github/groovy-validator/settings.gradle'.
Projects loaded. Root project using build file '/home/ericm/github/groovy-validator/build.gradle'.
Included projects: [root project 'groovy-validator']
Evaluating root project 'groovy-validator' using build file '/home/ericm/github/groovy-validator/build.gradle'.
-- Groovy version: 2.3.3
All projects evaluated.
Selected primary task 'DefaultTaskParameter{taskName='test',projectPath='null'}'
Tasks to be executed: [task ':compileJava', task ':compileGroovy', task ':processResources', task ':classes', task ':compileTestJava', task ':compileTestGroovy', task ':processTestResources', task ':testClasses', task ':test']
:compileJava (Thread[main,5,main]) started.
:compileJava
Skipping task ':compileJava' as it has no source files.
:compileJava UP-TO-DATE
:compileJava (Thread[main,5,main]) completed. Took 0.041 secs.
:compileGroovy (Thread[main,5,main]) started.
:compileGroovy
Skipping task ':compileGroovy' as it is up-to-date (took 0.656 secs).
:compileGroovy UP-TO-DATE
:compileGroovy (Thread[main,5,main]) completed. Took 0.709 secs.
:processResources (Thread[main,5,main]) started.
:processResources
Skipping task ':processResources' as it has no source files.
:processResources UP-TO-DATE
:processResources (Thread[main,5,main]) completed. Took 0.001 secs.
:classes (Thread[main,5,main]) started.
:classes
Skipping task ':classes' as it has no actions.
:classes UP-TO-DATE
:classes (Thread[main,5,main]) completed. Took 0.002 secs.
:compileTestJava (Thread[main,5,main]) started.
:compileTestJava
Skipping task ':compileTestJava' as it has no source files.
:compileTestJava UP-TO-DATE
:compileTestJava (Thread[main,5,main]) completed. Took 0.001 secs.
:compileTestGroovy (Thread[main,5,main]) started.
:compileTestGroovy
Skipping task ':compileTestGroovy' as it is up-to-date (took 0.158 secs).
:compileTestGroovy UP-TO-DATE
:compileTestGroovy (Thread[main,5,main]) completed. Took 0.163 secs.
:processTestResources (Thread[main,5,main]) started.
:processTestResources
Skipping task ':processTestResources' as it has no source files.
:processTestResources UP-TO-DATE
:processTestResources (Thread[main,5,main]) completed. Took 0.001 secs.
:testClasses (Thread[main,5,main]) started.
:testClasses
Skipping task ':testClasses' as it has no actions.
:testClasses UP-TO-DATE
:testClasses (Thread[main,5,main]) completed. Took 0.001 secs.
:test (Thread[main,5,main]) started.
:test
Executing task ':test' (up-to-date check took 0.026 secs) due to:
  Task.upToDateWhen is false.
Running single tests with pattern: [**/ImmutablePartialSpec*.class]
Starting process 'Gradle Test Executor 1'. Working directory: /home/ericm/github/groovy-validator Command: /usr/local/java/jdk1.7.0/bin/java -Djava.security.manager=jarjar.org.gradle.process.internal.child.BootstrapSecurityManager -Dfile.encoding=UTF-8 -ea -cp /home/ericm/.gradle/caches/2.0/workerMain/gradle-worker.jar jarjar.org.gradle.process.internal.launcher.GradleWorkerMain
Successfully started process 'Gradle Test Executor 1'
Gradle Test Executor 1 started executing tests.

info.shelfunit.properties.sample.immutable.ImmutablePartialSpec > test date regex STANDARD_OUT
    --- Starting test test date regex
Gradle Test Executor 1 finished executing tests.

info.shelfunit.properties.sample.immutable.ImmutablePartialSpec > test date regex FAILED
    Condition not satisfied:

    res.stringWithoutAnn == "Hello"
    |   |                |
    |   null             false
    info.shelfunit.properties.sample.immutable.ImmutablePartial(stringWithAnn:this is the string with ann, stringWithoutAnn:null)
        at info.shelfunit.properties.sample.immutable.ImmutablePartialSpec.test date regex(ImmutablePartialSpec.groovy:26)
Finished generating test XML results (0.01 secs) into: /home/ericm/github/groovy-validator/build/test-results
Generating HTML test report...
Finished generating test html results (0.03 secs) into: /home/ericm/github/groovy-validator/build/reports/tests
:test FAILED
:test (Thread[main,5,main]) completed. Took 2.402 secs.

BUILD FAILED

Total time: 8.987 secs
